<?xml version="1.0" encoding="UTF-8"?>
<testng-results skipped="0" failed="0" total="1" passed="1">
  <reporter-output>
  </reporter-output>
  <suite name="Suite" duration-ms="51509" started-at="2018-12-21T11:37:40Z" finished-at="2018-12-21T11:38:31Z">
    <groups>
      <group name="cucumber">
        <method signature="AbstractTestNGCucumberTests.feature(cucumber.api.testng.CucumberFeatureWrapper)[pri:0, instance:runner.PositiveTest@69d9c55]" name="feature" class="cucumber.api.testng.AbstractTestNGCucumberTests"/>
      </group> <!-- cucumber -->
    </groups>
    <test name="Test" duration-ms="51509" started-at="2018-12-21T11:37:40Z" finished-at="2018-12-21T11:38:31Z">
      <class name="runner.PositiveTest">
        <test-method status="PASS" signature="setUpClass()[pri:0, instance:runner.PositiveTest@69d9c55]" name="setUpClass" is-config="true" duration-ms="341" started-at="2018-12-21T15:37:40Z" finished-at="2018-12-21T15:37:40Z">
          <reporter-output>
          </reporter-output>
        </test-method> <!-- setUpClass -->
        <test-method status="PASS" signature="setup()[pri:0, instance:runner.PositiveTest@69d9c55]" name="setup" is-config="true" duration-ms="149" started-at="2018-12-21T15:37:40Z" finished-at="2018-12-21T15:37:40Z">
          <reporter-output>
          </reporter-output>
        </test-method> <!-- setup -->
        <test-method status="PASS" signature="feature(cucumber.api.testng.CucumberFeatureWrapper)[pri:0, instance:runner.PositiveTest@69d9c55]" name="feature" duration-ms="50820" started-at="2018-12-21T15:37:40Z" description="Runs Cucumber Feature" data-provider="features" finished-at="2018-12-21T15:38:31Z">
          <params>
            <param index="0">
              <value>
                <![CDATA[Verify the login section]]>
              </value>
            </param>
          </params>
          <reporter-output>
          </reporter-output>
        </test-method> <!-- feature -->
        <test-method status="PASS" signature="tearDownClass()[pri:0, instance:runner.PositiveTest@69d9c55]" name="tearDownClass" is-config="true" duration-ms="81" started-at="2018-12-21T15:38:31Z" finished-at="2018-12-21T15:38:31Z">
          <reporter-output>
          </reporter-output>
        </test-method> <!-- tearDownClass -->
      </class> <!-- runner.PositiveTest -->
    </test> <!-- Test -->
  </suite> <!-- Suite -->
</testng-results>
